14:00:15.297 [main] DEBUG com.intuit.karate.Suite - [config] classpath:karate-config.js
14:00:16.026 [main] INFO  com.intuit.karate - karate.env system property was: null 
14:00:16.066 [main] ERROR com.intuit.karate - classpath:examples/users/mascotas.feature:29
And request jsonBody
>>>> js failed:
01: jsonBody
<<<<
org.graalvm.polyglot.PolyglotException: ReferenceError: "jsonBody" is not defined
- <js>.:program(Unnamed:1)

classpath:examples/users/mascotas.feature:29
14:01:23.753 [main] DEBUG com.intuit.karate.Suite - [config] classpath:karate-config.js
14:01:23.756 [main] INFO  com.intuit.karate.Suite - backed up existing 'target\karate-reports' dir to: target\karate-reports_1672254083756
14:01:24.449 [main] INFO  com.intuit.karate - karate.env system property was: null 
14:01:24.822 [main] DEBUG com.intuit.karate - request:
1 > POST https://petstore.swagger.io/v2/pet
1 > Content-Type: application/json; charset=UTF-8
1 > Content-Length: 138
1 > Host: petstore.swagger.io
1 > Connection: Keep-Alive
1 > User-Agent: Apache-HttpClient/4.5.13 (Java/16.0.2)
1 > Accept-Encoding: gzip,deflate
{"photoUrls":["string"],"name":"doggie","id":0,"category":{"name":"string","id":0},"tags":[{"name":"string","id":0}],"status":"available"}

14:01:26.047 [main] DEBUG com.intuit.karate - response time in milliseconds: 1220
1 < 200
1 < Date: Wed, 28 Dec 2022 19:01:25 GMT
1 < Content-Type: application/json
1 < Transfer-Encoding: chunked
1 < Connection: keep-alive
1 < Access-Control-Allow-Origin: *
1 < Access-Control-Allow-Methods: GET, POST, DELETE, PUT
1 < Access-Control-Allow-Headers: Content-Type, api_key, Authorization
1 < Server: Jetty(9.2.9.v20150224)
{"photoUrls":["string"],"name":"doggie","id":9223372036854628930,"category":{"name":"string","id":0},"tags":[{"name":"string","id":0}],"status":"available"}
14:01:26.457 [main] INFO  com.intuit.karate.Suite - <<pass>> feature 1 of 1 (0 remaining) src/test/java/examples/users/mascotas.feature
14:11:40.089 [main] DEBUG com.intuit.karate.Suite - [config] classpath:karate-config.js
14:11:40.808 [main] INFO  com.intuit.karate - karate.env system property was: null 
14:11:40.875 [main] ERROR com.intuit.karate - classpath:pe/com/mascotas.feature:29
And header 'application/json'
no step-definition method match found for: header 'application/json'
classpath:pe/com/mascotas.feature:29
14:12:21.916 [main] DEBUG com.intuit.karate.Suite - [config] classpath:karate-config.js
14:12:22.590 [main] INFO  com.intuit.karate - karate.env system property was: null 
14:12:22.916 [main] DEBUG com.intuit.karate - request:
1 > POST https://petstore.swagger.io/v2/pet
1 > Content-Type: application/json; charset=UTF-8
1 > Content-Length: 138
1 > Host: petstore.swagger.io
1 > Connection: Keep-Alive
1 > User-Agent: Apache-HttpClient/4.5.13 (Java/16.0.2)
1 > Accept-Encoding: gzip,deflate
{"photoUrls":["string"],"name":"doggie","id":0,"category":{"name":"string","id":0},"tags":[{"name":"string","id":0}],"status":"available"}

14:12:24.030 [main] DEBUG com.intuit.karate - response time in milliseconds: 1109
1 < 200
1 < Date: Wed, 28 Dec 2022 19:12:23 GMT
1 < Content-Type: application/json
1 < Transfer-Encoding: chunked
1 < Connection: keep-alive
1 < Access-Control-Allow-Origin: *
1 < Access-Control-Allow-Methods: GET, POST, DELETE, PUT
1 < Access-Control-Allow-Headers: Content-Type, api_key, Authorization
1 < Server: Jetty(9.2.9.v20150224)
{"photoUrls":["string"],"name":"doggie","id":9223372036854629090,"category":{"name":"string","id":0},"tags":[{"name":"string","id":0}],"status":"available"}
14:15:13.401 [main] DEBUG com.intuit.karate.Suite - [config] classpath:karate-config.js
14:15:14.085 [main] INFO  com.intuit.karate - karate.env system property was: null 
14:15:14.396 [main] DEBUG com.intuit.karate - request:
1 > POST https://petstore.swagger.io/v2/pet
1 > Content-Type: application/json; charset=UTF-8
1 > Content-Length: 138
1 > Host: petstore.swagger.io
1 > Connection: Keep-Alive
1 > User-Agent: Apache-HttpClient/4.5.13 (Java/16.0.2)
1 > Accept-Encoding: gzip,deflate
{"photoUrls":["string"],"name":"doggie","id":0,"category":{"name":"string","id":0},"tags":[{"name":"string","id":0}],"status":"available"}

14:15:15.272 [main] DEBUG com.intuit.karate - response time in milliseconds: 870
1 < 200
1 < Date: Wed, 28 Dec 2022 19:15:14 GMT
1 < Content-Type: application/json
1 < Transfer-Encoding: chunked
1 < Connection: keep-alive
1 < Access-Control-Allow-Origin: *
1 < Access-Control-Allow-Methods: GET, POST, DELETE, PUT
1 < Access-Control-Allow-Headers: Content-Type, api_key, Authorization
1 < Server: Jetty(9.2.9.v20150224)
{"photoUrls":["string"],"name":"doggie","id":9223372036854629142,"category":{"name":"string","id":0},"tags":[{"name":"string","id":0}],"status":"available"}
14:15:35.724 [main] ERROR com.intuit.karate.core.FeatureParser - not a valid feature file: pe/com/mascotas.feature - mismatched input 'p' expecting <EOF>
14:15:53.219 [main] DEBUG com.intuit.karate.Suite - [config] classpath:karate-config.js
14:15:53.938 [main] INFO  com.intuit.karate - karate.env system property was: null 
14:15:54.267 [main] DEBUG com.intuit.karate - request:
1 > POST https://petstore.swagger.io/v2/pet
1 > Content-Type: application/json; charset=UTF-8
1 > Content-Length: 138
1 > Host: petstore.swagger.io
1 > Connection: Keep-Alive
1 > User-Agent: Apache-HttpClient/4.5.13 (Java/16.0.2)
1 > Accept-Encoding: gzip,deflate
{"photoUrls":["string"],"name":"doggie","id":0,"category":{"name":"string","id":0},"tags":[{"name":"string","id":0}],"status":"available"}

14:15:55.071 [main] DEBUG com.intuit.karate - response time in milliseconds: 799
1 < 200
1 < Date: Wed, 28 Dec 2022 19:15:54 GMT
1 < Content-Type: application/json
1 < Transfer-Encoding: chunked
1 < Connection: keep-alive
1 < Access-Control-Allow-Origin: *
1 < Access-Control-Allow-Methods: GET, POST, DELETE, PUT
1 < Access-Control-Allow-Headers: Content-Type, api_key, Authorization
1 < Server: Jetty(9.2.9.v20150224)
{"photoUrls":["string"],"name":"doggie","id":9223372036854629155,"category":{"name":"string","id":0},"tags":[{"name":"string","id":0}],"status":"available"}
14:15:55.085 [main] INFO  com.intuit.karate - [print] 9223372036854629155 
14:15:55.091 [main] DEBUG com.intuit.karate - request:
2 > GET https://petstore.swagger.io/v2/pet/9223372036854629155
2 > Host: petstore.swagger.io
2 > Connection: Keep-Alive
2 > User-Agent: Apache-HttpClient/4.5.13 (Java/16.0.2)
2 > Accept-Encoding: gzip,deflate


14:15:55.624 [main] DEBUG com.intuit.karate - response time in milliseconds: 533
2 < 200
2 < Date: Wed, 28 Dec 2022 19:15:54 GMT
2 < Content-Type: application/json
2 < Transfer-Encoding: chunked
2 < Connection: keep-alive
2 < Access-Control-Allow-Origin: *
2 < Access-Control-Allow-Methods: GET, POST, DELETE, PUT
2 < Access-Control-Allow-Headers: Content-Type, api_key, Authorization
2 < Server: Jetty(9.2.9.v20150224)
{"photoUrls":["string"],"name":"doggie","id":9223372036854629155,"category":{"name":"string","id":0},"tags":[{"name":"string","id":0}],"status":"available"}
14:25:32.626 [main] DEBUG com.intuit.karate.Suite - [config] classpath:karate-config.js
14:25:33.316 [main] INFO  com.intuit.karate - karate.env system property was: null 
14:25:33.345 [main] INFO  com.intuit.karate - [print] Agregar una nueva mascota 
14:25:33.635 [main] DEBUG com.intuit.karate - request:
1 > POST https://petstore.swagger.io/v2/pet
1 > Content-Type: application/json; charset=UTF-8
1 > Content-Length: 138
1 > Host: petstore.swagger.io
1 > Connection: Keep-Alive
1 > User-Agent: Apache-HttpClient/4.5.13 (Java/16.0.2)
1 > Accept-Encoding: gzip,deflate
{"photoUrls":["string"],"name":"doggie","id":0,"category":{"name":"string","id":0},"tags":[{"name":"string","id":0}],"status":"available"}

14:25:34.540 [main] DEBUG com.intuit.karate - response time in milliseconds: 900
1 < 200
1 < Date: Wed, 28 Dec 2022 19:25:33 GMT
1 < Content-Type: application/json
1 < Transfer-Encoding: chunked
1 < Connection: keep-alive
1 < Access-Control-Allow-Origin: *
1 < Access-Control-Allow-Methods: GET, POST, DELETE, PUT
1 < Access-Control-Allow-Headers: Content-Type, api_key, Authorization
1 < Server: Jetty(9.2.9.v20150224)
{"photoUrls":["string"],"name":"doggie","id":9223372036854629301,"category":{"name":"string","id":0},"tags":[{"name":"string","id":0}],"status":"available"}
14:25:34.551 [main] INFO  com.intuit.karate - [print] Realiza la consulta de la mascota agregada 
14:25:34.575 [main] DEBUG com.intuit.karate - request:
2 > GET https://petstore.swagger.io/v2/pet/9223372036854629301
2 > Host: petstore.swagger.io
2 > Connection: Keep-Alive
2 > User-Agent: Apache-HttpClient/4.5.13 (Java/16.0.2)
2 > Accept-Encoding: gzip,deflate


14:25:35.171 [main] DEBUG com.intuit.karate - response time in milliseconds: 596
2 < 200
2 < Date: Wed, 28 Dec 2022 19:25:34 GMT
2 < Content-Type: application/json
2 < Transfer-Encoding: chunked
2 < Connection: keep-alive
2 < Access-Control-Allow-Origin: *
2 < Access-Control-Allow-Methods: GET, POST, DELETE, PUT
2 < Access-Control-Allow-Headers: Content-Type, api_key, Authorization
2 < Server: Jetty(9.2.9.v20150224)
{"photoUrls":["string"],"name":"doggie","id":9223372036854629301,"category":{"name":"string","id":0},"tags":[{"name":"string","id":0}],"status":"available"}
14:25:35.179 [main] INFO  com.intuit.karate - [print] Modificar el nombre de la mascota registrada 
14:25:35.186 [main] DEBUG com.intuit.karate - request:
3 > PUT https://petstore.swagger.io/v2/pet
3 > Content-Type: application/json; charset=UTF-8
3 > Content-Length: 149
3 > Host: petstore.swagger.io
3 > Connection: Keep-Alive
3 > User-Agent: Apache-HttpClient/4.5.13 (Java/16.0.2)
3 > Accept-Encoding: gzip,deflate
{"photoUrls":["string"],"name":"doggie_modificado","id":0,"category":{"name":"string","id":0},"tags":[{"name":"string","id":0}],"status":"available"}

14:25:35.721 [main] DEBUG com.intuit.karate - response time in milliseconds: 535
3 < 200
3 < Date: Wed, 28 Dec 2022 19:25:35 GMT
3 < Content-Type: application/json
3 < Transfer-Encoding: chunked
3 < Connection: keep-alive
3 < Access-Control-Allow-Origin: *
3 < Access-Control-Allow-Methods: GET, POST, DELETE, PUT
3 < Access-Control-Allow-Headers: Content-Type, api_key, Authorization
3 < Server: Jetty(9.2.9.v20150224)
{"photoUrls":["string"],"name":"doggie_modificado","id":9223372036854629302,"category":{"name":"string","id":0},"tags":[{"name":"string","id":0}],"status":"available"}
14:35:15.746 [main] DEBUG com.intuit.karate.Suite - [config] classpath:karate-config.js
14:35:16.934 [main] INFO  com.intuit.karate - karate.env system property was: null 
14:35:16.983 [main] INFO  com.intuit.karate - [print] Agregar una nueva mascota 
14:35:17.476 [main] DEBUG com.intuit.karate - request:
1 > POST https://petstore.swagger.io/v2/pet
1 > Content-Type: application/json; charset=UTF-8
1 > Content-Length: 138
1 > Host: petstore.swagger.io
1 > Connection: Keep-Alive
1 > User-Agent: Apache-HttpClient/4.5.13 (Java/16.0.2)
1 > Accept-Encoding: gzip,deflate
{"photoUrls":["string"],"name":"doggie","id":0,"category":{"name":"string","id":0},"tags":[{"name":"string","id":0}],"status":"available"}

14:35:18.283 [main] DEBUG com.intuit.karate - response time in milliseconds: 806
1 < 200
1 < Date: Wed, 28 Dec 2022 19:35:17 GMT
1 < Content-Type: application/json
1 < Transfer-Encoding: chunked
1 < Connection: keep-alive
1 < Access-Control-Allow-Origin: *
1 < Access-Control-Allow-Methods: GET, POST, DELETE, PUT
1 < Access-Control-Allow-Headers: Content-Type, api_key, Authorization
1 < Server: Jetty(9.2.9.v20150224)
{"photoUrls":["string"],"name":"doggie","id":9223372036854629438,"category":{"name":"string","id":0},"tags":[{"name":"string","id":0}],"status":"available"}
14:35:18.287 [main] INFO  com.intuit.karate - [print] Realiza la consulta de la mascota agregada 
14:35:18.295 [main] DEBUG com.intuit.karate - request:
2 > GET https://petstore.swagger.io/v2/pet/9223372036854629438
2 > Host: petstore.swagger.io
2 > Connection: Keep-Alive
2 > User-Agent: Apache-HttpClient/4.5.13 (Java/16.0.2)
2 > Accept-Encoding: gzip,deflate


14:35:18.820 [main] DEBUG com.intuit.karate - response time in milliseconds: 525
2 < 200
2 < Date: Wed, 28 Dec 2022 19:35:18 GMT
2 < Content-Type: application/json
2 < Transfer-Encoding: chunked
2 < Connection: keep-alive
2 < Access-Control-Allow-Origin: *
2 < Access-Control-Allow-Methods: GET, POST, DELETE, PUT
2 < Access-Control-Allow-Headers: Content-Type, api_key, Authorization
2 < Server: Jetty(9.2.9.v20150224)
{"photoUrls":["string"],"name":"doggie","id":9223372036854629438,"category":{"name":"string","id":0},"tags":[{"name":"string","id":0}],"status":"available"}
14:35:18.823 [main] INFO  com.intuit.karate - [print] Modificar el nombre de la mascota registrada 
14:35:18.825 [main] DEBUG com.intuit.karate - request:
3 > PUT https://petstore.swagger.io/v2/pet
3 > Content-Type: application/json; charset=UTF-8
3 > Content-Length: 149
3 > Host: petstore.swagger.io
3 > Connection: Keep-Alive
3 > User-Agent: Apache-HttpClient/4.5.13 (Java/16.0.2)
3 > Accept-Encoding: gzip,deflate
{"photoUrls":["string"],"name":"doggie_modificado","id":0,"category":{"name":"string","id":0},"tags":[{"name":"string","id":0}],"status":"available"}

14:35:19.384 [main] DEBUG com.intuit.karate - response time in milliseconds: 558
3 < 200
3 < Date: Wed, 28 Dec 2022 19:35:18 GMT
3 < Content-Type: application/json
3 < Transfer-Encoding: chunked
3 < Connection: keep-alive
3 < Access-Control-Allow-Origin: *
3 < Access-Control-Allow-Methods: GET, POST, DELETE, PUT
3 < Access-Control-Allow-Headers: Content-Type, api_key, Authorization
3 < Server: Jetty(9.2.9.v20150224)
{"photoUrls":["string"],"name":"doggie_modificado","id":9223372036854629439,"category":{"name":"string","id":0},"tags":[{"name":"string","id":0}],"status":"available"}
14:35:19.386 [main] INFO  com.intuit.karate - [print] Eliminar la mascota registrada 
14:35:19.388 [main] DEBUG com.intuit.karate - request:
4 > DELETE https://petstore.swagger.io/v2/pet/9223372036854629438
4 > api_key: 123456
4 > Host: petstore.swagger.io
4 > Connection: Keep-Alive
4 > User-Agent: Apache-HttpClient/4.5.13 (Java/16.0.2)
4 > Accept-Encoding: gzip,deflate


14:35:19.892 [main] DEBUG com.intuit.karate - response time in milliseconds: 504
4 < 200
4 < Date: Wed, 28 Dec 2022 19:35:19 GMT
4 < Content-Type: application/json
4 < Transfer-Encoding: chunked
4 < Connection: keep-alive
4 < Access-Control-Allow-Origin: *
4 < Access-Control-Allow-Methods: GET, POST, DELETE, PUT
4 < Access-Control-Allow-Headers: Content-Type, api_key, Authorization
4 < Server: Jetty(9.2.9.v20150224)
{"code":200,"type":"unknown","message":"9223372036854629438"}
